<?xml version="1.0" encoding="UTF-8"?><testsuites failures="0" name="dependency-check" tests="141"><testsuite failures="0" id="0" name="/z/public/lib/select2/js/i18n/hu.js" package="hu.js" skipped="0" tests="1" timestamp="2020-01-21T13:52:31.901151"><testcase classname="dependency-check" name="hu.js"/></testsuite><testsuite failures="0" id="1" name="/z/public/lib/select2/js/i18n/ar.js" package="ar.js" skipped="0" tests="1" timestamp="2020-01-21T13:52:31.901151"><testcase classname="dependency-check" name="ar.js"/></testsuite><testsuite failures="0" id="2" name="/z/public/front/js/themescript.js" package="themescript.js" skipped="0" tests="1" timestamp="2020-01-21T13:52:31.901151"><testcase classname="dependency-check" name="themescript.js"/></testsuite><testsuite failures="0" id="3" name="/z/public/lib/bootstrap-datepicker/js/locales/bootstrap-datepicker.lv.js" package="bootstrap-datepicker.lv.js" skipped="0" tests="1" timestamp="2020-01-21T13:52:31.901151"><testcase classname="dependency-check" name="bootstrap-datepicker.lv.js"/></testsuite><testsuite failures="0" id="4" name="/z/public/lib/popper.js/umd/popper-utils.min.js" package="popper-utils.min.js" skipped="0" tests="1" timestamp="2020-01-21T13:52:31.901151"><testcase classname="dependency-check" name="popper-utils.min.js"/></testsuite><testsuite failures="0" id="5" name="/z/public/lib/select2/js/i18n/et.js" package="et.js" skipped="0" tests="1" timestamp="2020-01-21T13:52:31.901151"><testcase classname="dependency-check" name="et.js"/></testsuite><testsuite failures="0" id="6" name="/z/public/lib/bootstrap-datepicker/js/locales/bootstrap-datepicker.rs-latin.js" package="bootstrap-datepicker.rs-latin.js" skipped="0" tests="1" timestamp="2020-01-21T13:52:31.901151"><testcase classname="dependency-check" name="bootstrap-datepicker.rs-latin.js"/></testsuite><testsuite failures="0" id="7" name="/z/public/lib/select2/js/i18n/zh-CN.js" package="zh-CN.js" skipped="0" tests="1" timestamp="2020-01-21T13:52:31.901151"><testcase classname="dependency-check" name="zh-CN.js"/></testsuite><testsuite failures="0" id="8" name="/z/public/lib/bootstrap-datepicker/js/locales/bootstrap-datepicker.ja.js" package="bootstrap-datepicker.ja.js" skipped="0" tests="1" timestamp="2020-01-21T13:52:31.901151"><testcase classname="dependency-check" name="bootstrap-datepicker.ja.js"/></testsuite><testsuite failures="0" id="9" name="/z/public/lib/bootstrap-datepicker/js/locales/bootstrap-datepicker.bg.js" package="bootstrap-datepicker.bg.js" skipped="0" tests="1" timestamp="2020-01-21T13:52:31.901151"><testcase classname="dependency-check" name="bootstrap-datepicker.bg.js"/></testsuite><testsuite failures="0" id="10" name="/z/public/js/bootstrap-datepicker.js" package="bootstrap-datepicker.js" skipped="0" tests="1" timestamp="2020-01-21T13:52:31.901151"><testcase classname="dependency-check" name="bootstrap-datepicker.js"/></testsuite><testsuite failures="0" id="11" name="/z/public/lib/select2/js/i18n/hsb.js" package="hsb.js" skipped="0" tests="1" timestamp="2020-01-21T13:52:31.901151"><testcase classname="dependency-check" name="hsb.js"/></testsuite><testsuite failures="0" id="12" name="/z/public/lib/jquery/jquery.min.js" package="jquery.min.js" skipped="0" tests="1" timestamp="2020-01-21T13:52:31.901151"><testcase classname="dependency-check" name="jquery.min.js"/></testsuite><testsuite failures="0" id="13" name="/z/public/lib/bootstrap-datepicker/js/bootstrap-datepicker.js" package="bootstrap-datepicker.js" skipped="0" tests="1" timestamp="2020-01-21T13:52:31.901151"><testcase classname="dependency-check" name="bootstrap-datepicker.js"/></testsuite><testsuite failures="0" id="14" name="/z/public/lib/select2/js/i18n/pt.js" package="pt.js" skipped="0" tests="1" timestamp="2020-01-21T13:52:31.901151"><testcase classname="dependency-check" name="pt.js"/></testsuite><testsuite failures="0" id="15" name="/z/public/lib/popper.js/popper.min.js" package="popper.min.js" skipped="0" tests="1" timestamp="2020-01-21T13:52:31.901151"><testcase classname="dependency-check" name="popper.min.js"/></testsuite><testsuite failures="0" id="16" name="/z/public/lib/bootstrap-datepicker/js/locales/bootstrap-datepicker.ms.js" package="bootstrap-datepicker.ms.js" skipped="0" tests="1" timestamp="2020-01-21T13:52:31.901151"><testcase classname="dependency-check" name="bootstrap-datepicker.ms.js"/></testsuite><testsuite failures="0" id="17" name="/z/vendor/laravel/framework/src/Illuminate/Foundation/Console/Presets/none-stubs/webpack.mix.js" package="webpack.mix.js" skipped="0" tests="1" timestamp="2020-01-21T13:52:31.901151"><testcase classname="dependency-check" name="webpack.mix.js"/></testsuite><testsuite failures="0" id="18" name="/z/public/lib/bootstrap-datepicker/js/locales/bootstrap-datepicker.da.js" package="bootstrap-datepicker.da.js" skipped="0" tests="1" timestamp="2020-01-21T13:52:31.901151"><testcase classname="dependency-check" name="bootstrap-datepicker.da.js"/></testsuite><testsuite failures="0" id="19" name="/z/public/lib/bootstrap-datepicker/js/locales/bootstrap-datepicker.es.js" package="bootstrap-datepicker.es.js" skipped="0" tests="1" timestamp="2020-01-21T13:52:31.901151"><testcase classname="dependency-check" name="bootstrap-datepicker.es.js"/></testsuite><testsuite failures="0" id="20" name="/z/public/lib/select2/js/i18n/bs.js" package="bs.js" skipped="0" tests="1" timestamp="2020-01-21T13:52:31.901151"><testcase classname="dependency-check" name="bs.js"/></testsuite><testsuite failures="0" id="21" name="/z/public/lib/select2/js/i18n/ms.js" package="ms.js" skipped="0" tests="1" timestamp="2020-01-21T13:52:31.901151"><testcase classname="dependency-check" name="ms.js"/></testsuite><testsuite failures="0" id="22" name="/z/public/lib/select2/js/i18n/af.js" package="af.js" skipped="0" tests="1" timestamp="2020-01-21T13:52:31.901151"><testcase classname="dependency-check" name="af.js"/></testsuite><testsuite failures="0" id="23" name="/z/public/lib/select2/js/i18n/ko.js" package="ko.js" skipped="0" tests="1" timestamp="2020-01-21T13:52:31.901151"><testcase classname="dependency-check" name="ko.js"/></testsuite><testsuite failures="0" id="24" name="/z/public/lib/select2/js/i18n/hi.js" package="hi.js" skipped="0" tests="1" timestamp="2020-01-21T13:52:31.901151"><testcase classname="dependency-check" name="hi.js"/></testsuite><testsuite failures="0" id="25" name="/z/public/lib/select2/js/i18n/en.js" package="en.js" skipped="0" tests="1" timestamp="2020-01-21T13:52:31.901151"><testcase classname="dependency-check" name="en.js"/></testsuite><testsuite failures="0" id="26" name="/z/public/lib/select2/js/i18n/da.js" package="da.js" skipped="0" tests="1" timestamp="2020-01-21T13:52:31.901151"><testcase classname="dependency-check" name="da.js"/></testsuite><testsuite failures="0" id="27" name="/z/public/lib/select2/js/select2.min.js" package="select2.min.js" skipped="0" tests="1" timestamp="2020-01-21T13:52:31.901151"><testcase classname="dependency-check" name="select2.min.js"/></testsuite><testsuite failures="0" id="28" name="/z/vendor/laravel/framework/src/Illuminate/Foundation/Console/Presets/react-stubs/Example.js" package="Example.js" skipped="0" tests="1" timestamp="2020-01-21T13:52:31.901151"><testcase classname="dependency-check" name="Example.js"/></testsuite><testsuite failures="0" id="29" name="/z/public/lib/select2/js/i18n/th.js" package="th.js" skipped="0" tests="1" timestamp="2020-01-21T13:52:31.901151"><testcase classname="dependency-check" name="th.js"/></testsuite><testsuite failures="0" id="30" name="/z/public/lib/select2/js/i18n/ro.js" package="ro.js" skipped="0" tests="1" timestamp="2020-01-21T13:52:31.901151"><testcase classname="dependency-check" name="ro.js"/></testsuite><testsuite failures="0" id="31" name="/z/public/lib/bootstrap-datepicker/js/locales/bootstrap-datepicker.rs.js" package="bootstrap-datepicker.rs.js" skipped="0" tests="1" timestamp="2020-01-21T13:52:31.901151"><testcase classname="dependency-check" name="bootstrap-datepicker.rs.js"/></testsuite><testsuite failures="0" id="32" name="/z/public/lib/select2/js/i18n/is.js" package="is.js" skipped="0" tests="1" timestamp="2020-01-21T13:52:31.901151"><testcase classname="dependency-check" name="is.js"/></testsuite><testsuite failures="0" id="33" name="/z/vendor/laravel/framework/src/Illuminate/Foundation/Console/Presets/none-stubs/bootstrap.js" package="bootstrap.js" skipped="0" tests="1" timestamp="2020-01-21T13:52:31.901151"><testcase classname="dependency-check" name="bootstrap.js"/></testsuite><testsuite failures="0" id="34" name="/z/public/lib/bootstrap-datepicker/js/locales/bootstrap-datepicker.zh-CN.js" package="bootstrap-datepicker.zh-CN.js" skipped="0" tests="1" timestamp="2020-01-21T13:52:31.901151"><testcase classname="dependency-check" name="bootstrap-datepicker.zh-CN.js"/></testsuite><testsuite failures="0" id="35" name="/z/public/lib/select2/js/i18n/fr.js" package="fr.js" skipped="0" tests="1" timestamp="2020-01-21T13:52:31.901151"><testcase classname="dependency-check" name="fr.js"/></testsuite><testsuite failures="0" id="36" name="/z/public/lib/select2/js/i18n/ca.js" package="ca.js" skipped="0" tests="1" timestamp="2020-01-21T13:52:31.901151"><testcase classname="dependency-check" name="ca.js"/></testsuite><testsuite failures="0" id="37" name="/z/public/lib/bootstrap-datepicker/js/locales/bootstrap-datepicker.pt.js" package="bootstrap-datepicker.pt.js" skipped="0" tests="1" timestamp="2020-01-21T13:52:31.901151"><testcase classname="dependency-check" name="bootstrap-datepicker.pt.js"/></testsuite><testsuite failures="0" id="38" name="/z/package.json" package="package.json" skipped="0" tests="1" timestamp="2020-01-21T13:52:31.901151"><testcase classname="dependency-check" name="package.json"/></testsuite><testsuite failures="0" id="39" name="/z/public/lib/popper.js/popper-utils.min.js" package="popper-utils.min.js" skipped="0" tests="1" timestamp="2020-01-21T13:52:31.901151"><testcase classname="dependency-check" name="popper-utils.min.js"/></testsuite><testsuite failures="0" id="40" name="/z/public/lib/bootstrap-datepicker/js/locales/bootstrap-datepicker.tr.js" package="bootstrap-datepicker.tr.js" skipped="0" tests="1" timestamp="2020-01-21T13:52:31.901151"><testcase classname="dependency-check" name="bootstrap-datepicker.tr.js"/></testsuite><testsuite failures="0" id="41" name="/z/public/lib/select2/js/i18n/sv.js" package="sv.js" skipped="0" tests="1" timestamp="2020-01-21T13:52:31.901151"><testcase classname="dependency-check" name="sv.js"/></testsuite><testsuite failures="0" id="42" name="/z/public/lib/select2/js/i18n/sk.js" package="sk.js" skipped="0" tests="1" timestamp="2020-01-21T13:52:31.901151"><testcase classname="dependency-check" name="sk.js"/></testsuite><testsuite failures="0" id="43" name="/z/public/lib/bootstrap-datepicker/js/locales/bootstrap-datepicker.he.js" package="bootstrap-datepicker.he.js" skipped="0" tests="1" timestamp="2020-01-21T13:52:31.901151"><testcase classname="dependency-check" name="bootstrap-datepicker.he.js"/></testsuite><testsuite failures="0" id="44" name="/z/public/lib/select2/js/i18n/nl.js" package="nl.js" skipped="0" tests="1" timestamp="2020-01-21T13:52:31.901151"><testcase classname="dependency-check" name="nl.js"/></testsuite><testsuite failures="0" id="45" name="/z/vendor/laravel/framework/src/Illuminate/Foundation/Console/Presets/react-stubs/app.js" package="app.js" skipped="0" tests="1" timestamp="2020-01-21T13:52:31.901151"><testcase classname="dependency-check" name="app.js"/></testsuite><testsuite failures="0" id="46" name="/z/public/lib/popper.js/esm/popper-utils.min.js" package="popper-utils.min.js" skipped="0" tests="1" timestamp="2020-01-21T13:52:31.901151"><testcase classname="dependency-check" name="popper-utils.min.js"/></testsuite><testsuite failures="0" id="47" name="/z/public/front/js/jquery.flexslider-min.js" package="jquery.flexslider-min.js" skipped="0" tests="1" timestamp="2020-01-21T13:52:31.901151"><testcase classname="dependency-check" name="jquery.flexslider-min.js"/></testsuite><testsuite failures="0" id="48" name="/z/public/lib/fontawesome-free/js/solid.min.js" package="solid.min.js" skipped="0" tests="1" timestamp="2020-01-21T13:52:31.901151"><testcase classname="dependency-check" name="solid.min.js"/></testsuite><testsuite failures="0" id="49" name="/z/public/lib/select2/js/i18n/dsb.js" package="dsb.js" skipped="0" tests="1" timestamp="2020-01-21T13:52:31.901151"><testcase classname="dependency-check" name="dsb.js"/></testsuite><testsuite failures="0" id="50" name="/z/public/lib/select2/js/i18n/tr.js" package="tr.js" skipped="0" tests="1" timestamp="2020-01-21T13:52:31.901151"><testcase classname="dependency-check" name="tr.js"/></testsuite><testsuite failures="0" id="51" name="/z/public/lib/select2/js/i18n/zh-TW.js" package="zh-TW.js" skipped="0" tests="1" timestamp="2020-01-21T13:52:31.901151"><testcase classname="dependency-check" name="zh-TW.js"/></testsuite><testsuite failures="0" id="52" name="/z/public/lib/select2/js/i18n/he.js" package="he.js" skipped="0" tests="1" timestamp="2020-01-21T13:52:31.901151"><testcase classname="dependency-check" name="he.js"/></testsuite><testsuite failures="0" id="53" name="/z/public/lib/select2/js/i18n/eu.js" package="eu.js" skipped="0" tests="1" timestamp="2020-01-21T13:52:31.901151"><testcase classname="dependency-check" name="eu.js"/></testsuite><testsuite failures="0" id="54" name="/z/public/lib/select2/js/i18n/fa.js" package="fa.js" skipped="0" tests="1" timestamp="2020-01-21T13:52:31.901151"><testcase classname="dependency-check" name="fa.js"/></testsuite><testsuite failures="0" id="55" name="/z/vendor/laravel/framework/src/Illuminate/Foundation/Console/Presets/vue-stubs/app.js" package="app.js" skipped="0" tests="1" timestamp="2020-01-21T13:52:31.901151"><testcase classname="dependency-check" name="app.js"/></testsuite><testsuite failures="0" id="56" name="/z/public/lib/datatables.net-responsive-dt/js/responsive.dataTables.min.js" package="responsive.dataTables.min.js" skipped="0" tests="1" timestamp="2020-01-21T13:52:31.901151"><testcase classname="dependency-check" name="responsive.dataTables.min.js"/></testsuite><testsuite failures="0" id="57" name="/z/public/lib/fontawesome-free/js/all.min.js" package="all.min.js" skipped="0" tests="1" timestamp="2020-01-21T13:52:31.901151"><testcase classname="dependency-check" name="all.min.js"/></testsuite><testsuite failures="0" id="58" name="/z/public/lib/datatables.net/js/jquery.dataTables.min.js" package="jquery.dataTables.min.js" skipped="0" tests="1" timestamp="2020-01-21T13:52:31.901151"><testcase classname="dependency-check" name="jquery.dataTables.min.js"/></testsuite><testsuite failures="0" id="59" name="/z/public/lib/bootstrap-datepicker/js/locales/bootstrap-datepicker.nl.js" package="bootstrap-datepicker.nl.js" skipped="0" tests="1" timestamp="2020-01-21T13:52:31.901151"><testcase classname="dependency-check" name="bootstrap-datepicker.nl.js"/></testsuite><testsuite failures="0" id="60" name="/z/public/lib/bootstrap-datepicker/js/locales/bootstrap-datepicker.fr.js" package="bootstrap-datepicker.fr.js" skipped="0" tests="1" timestamp="2020-01-21T13:52:31.901151"><testcase classname="dependency-check" name="bootstrap-datepicker.fr.js"/></testsuite><testsuite failures="0" id="61" name="/z/public/front/js/jquery.flexslider.js" package="jquery.flexslider.js" skipped="0" tests="1" timestamp="2020-01-21T13:52:31.901151"><testcase classname="dependency-check" name="jquery.flexslider.js"/></testsuite><testsuite failures="0" id="62" name="/z/public/lib/bootstrap-datepicker/js/locales/bootstrap-datepicker.ca.js" package="bootstrap-datepicker.ca.js" skipped="0" tests="1" timestamp="2020-01-21T13:52:31.901151"><testcase classname="dependency-check" name="bootstrap-datepicker.ca.js"/></testsuite><testsuite failures="0" id="63" name="/z/resources/js/app.js" package="app.js" skipped="0" tests="1" timestamp="2020-01-21T13:52:31.901151"><testcase classname="dependency-check" name="app.js"/></testsuite><testsuite failures="0" id="64" name="/z/vendor/symfony/console/Resources/bin/hiddeninput.exe" package="hiddeninput.exe" skipped="0" tests="1" timestamp="2020-01-21T13:52:31.901151"><testcase classname="dependency-check" name="hiddeninput.exe"/></testsuite><testsuite failures="0" id="65" name="/z/public/lib/popper.js/umd/popper.min.js" package="popper.min.js" skipped="0" tests="1" timestamp="2020-01-21T13:52:31.901151"><testcase classname="dependency-check" name="popper.min.js"/></testsuite><testsuite failures="0" id="66" name="/z/vendor/symfony/var-dumper/Resources/js/htmlDescriptor.js" package="htmlDescriptor.js" skipped="0" tests="1" timestamp="2020-01-21T13:52:31.901151"><testcase classname="dependency-check" name="htmlDescriptor.js"/></testsuite><testsuite failures="0" id="67" name="/z/public/lib/select2/js/i18n/pl.js" package="pl.js" skipped="0" tests="1" timestamp="2020-01-21T13:52:31.901151"><testcase classname="dependency-check" name="pl.js"/></testsuite><testsuite failures="0" id="68" name="/z/public/lib/select2/js/i18n/az.js" package="az.js" skipped="0" tests="1" timestamp="2020-01-21T13:52:31.901151"><testcase classname="dependency-check" name="az.js"/></testsuite><testsuite failures="0" id="69" name="/z/public/lib/select2/js/i18n/km.js" package="km.js" skipped="0" tests="1" timestamp="2020-01-21T13:52:31.901151"><testcase classname="dependency-check" name="km.js"/></testsuite><testsuite failures="0" id="70" name="/z/public/lib/select2/js/select2.full.min.js" package="select2.full.min.js" skipped="0" tests="1" timestamp="2020-01-21T13:52:31.901151"><testcase classname="dependency-check" name="select2.full.min.js"/></testsuite><testsuite failures="0" id="71" name="/z/public/lib/select2/js/i18n/it.js" package="it.js" skipped="0" tests="1" timestamp="2020-01-21T13:52:31.901151"><testcase classname="dependency-check" name="it.js"/></testsuite><testsuite failures="0" id="72" name="/z/public/lib/select2/js/i18n/hr.js" package="hr.js" skipped="0" tests="1" timestamp="2020-01-21T13:52:31.901151"><testcase classname="dependency-check" name="hr.js"/></testsuite><testsuite failures="0" id="73" name="/z/public/lib/bootstrap-datepicker/js/locales/bootstrap-datepicker.sv.js" package="bootstrap-datepicker.sv.js" skipped="0" tests="1" timestamp="2020-01-21T13:52:31.901151"><testcase classname="dependency-check" name="bootstrap-datepicker.sv.js"/></testsuite><testsuite failures="0" id="74" name="/z/public/lib/select2/js/i18n/el.js" package="el.js" skipped="0" tests="1" timestamp="2020-01-21T13:52:31.901151"><testcase classname="dependency-check" name="el.js"/></testsuite><testsuite failures="0" id="75" name="/z/public/lib/fontawesome-free/js/fontawesome.min.js" package="fontawesome.min.js" skipped="0" tests="1" timestamp="2020-01-21T13:52:31.901151"><testcase classname="dependency-check" name="fontawesome.min.js"/></testsuite><testsuite failures="0" id="76" name="/z/public/lib/bootstrap-datepicker/js/locales/bootstrap-datepicker.sk.js" package="bootstrap-datepicker.sk.js" skipped="0" tests="1" timestamp="2020-01-21T13:52:31.901151"><testcase classname="dependency-check" name="bootstrap-datepicker.sk.js"/></testsuite><testsuite failures="0" id="77" name="/z/public/lib/select2/js/i18n/cs.js" package="cs.js" skipped="0" tests="1" timestamp="2020-01-21T13:52:31.901151"><testcase classname="dependency-check" name="cs.js"/></testsuite><testsuite failures="0" id="78" name="/z/vendor/laravel/framework/src/Illuminate/Foundation/Console/Presets/none-stubs/app.js" package="app.js" skipped="0" tests="1" timestamp="2020-01-21T13:52:31.901151"><testcase classname="dependency-check" name="app.js"/></testsuite><testsuite failures="0" id="79" name="/z/public/lib/fontawesome-free/js/brands.min.js" package="brands.min.js" skipped="0" tests="1" timestamp="2020-01-21T13:52:31.901151"><testcase classname="dependency-check" name="brands.min.js"/></testsuite><testsuite failures="0" id="80" name="/z/public/lib/select2/js/i18n/uk.js" package="uk.js" skipped="0" tests="1" timestamp="2020-01-21T13:52:31.901151"><testcase classname="dependency-check" name="uk.js"/></testsuite><testsuite failures="0" id="81" name="/z/public/lib/bootstrap-datepicker/js/locales/bootstrap-datepicker.nb.js" package="bootstrap-datepicker.nb.js" skipped="0" tests="1" timestamp="2020-01-21T13:52:31.901151"><testcase classname="dependency-check" name="bootstrap-datepicker.nb.js"/></testsuite><testsuite failures="0" id="82" name="/z/public/lib/select2/js/i18n/sr.js" package="sr.js" skipped="0" tests="1" timestamp="2020-01-21T13:52:31.901151"><testcase classname="dependency-check" name="sr.js"/></testsuite><testsuite failures="0" id="83" name="/z/public/lib/bootstrap-datepicker/js/locales/bootstrap-datepicker.sl.js" package="bootstrap-datepicker.sl.js" skipped="0" tests="1" timestamp="2020-01-21T13:52:31.901151"><testcase classname="dependency-check" name="bootstrap-datepicker.sl.js"/></testsuite><testsuite failures="0" id="84" name="/z/public/lib/fontawesome-free/js/v4-shims.min.js" package="v4-shims.min.js" skipped="0" tests="1" timestamp="2020-01-21T13:52:31.901151"><testcase classname="dependency-check" name="v4-shims.min.js"/></testsuite><testsuite failures="0" id="85" name="/z/public/lib/bootstrap-datepicker/js/locales/bootstrap-datepicker.sw.js" package="bootstrap-datepicker.sw.js" skipped="0" tests="1" timestamp="2020-01-21T13:52:31.901151"><testcase classname="dependency-check" name="bootstrap-datepicker.sw.js"/></testsuite><testsuite failures="0" id="86" name="/z/vendor/laravel/framework/src/Illuminate/Foundation/Console/Presets/react-stubs/webpack.mix.js" package="webpack.mix.js" skipped="0" tests="1" timestamp="2020-01-21T13:52:31.901151"><testcase classname="dependency-check" name="webpack.mix.js"/></testsuite><testsuite failures="0" id="87" name="/z/public/lib/bootstrap-datepicker/js/locales/bootstrap-datepicker.ru.js" package="bootstrap-datepicker.ru.js" skipped="0" tests="1" timestamp="2020-01-21T13:52:31.901151"><testcase classname="dependency-check" name="bootstrap-datepicker.ru.js"/></testsuite><testsuite failures="0" id="88" name="/z/public/lib/bootstrap-datepicker/js/locales/bootstrap-datepicker.th.js" package="bootstrap-datepicker.th.js" skipped="0" tests="1" timestamp="2020-01-21T13:52:31.901151"><testcase classname="dependency-check" name="bootstrap-datepicker.th.js"/></testsuite><testsuite failures="0" id="89" name="/z/public/lib/bootstrap-datepicker/js/locales/bootstrap-datepicker.ro.js" package="bootstrap-datepicker.ro.js" skipped="0" tests="1" timestamp="2020-01-21T13:52:31.901151"><testcase classname="dependency-check" name="bootstrap-datepicker.ro.js"/></testsuite><testsuite failures="0" id="90" name="/z/vendor/symfony/error-handler/Resources/assets/js/exception.js" package="exception.js" skipped="0" tests="1" timestamp="2020-01-21T13:52:31.901151"><testcase classname="dependency-check" name="exception.js"/></testsuite><testsuite failures="0" id="91" name="/z/public/lib/bootstrap-datepicker/js/locales/bootstrap-datepicker.is.js" package="bootstrap-datepicker.is.js" skipped="0" tests="1" timestamp="2020-01-21T13:52:31.901151"><testcase classname="dependency-check" name="bootstrap-datepicker.is.js"/></testsuite><testsuite failures="0" id="92" name="/z/public/lib/select2/js/i18n/sl.js" package="sl.js" skipped="0" tests="1" timestamp="2020-01-21T13:52:31.901151"><testcase classname="dependency-check" name="sl.js"/></testsuite><testsuite failures="0" id="93" name="/z/public/lib/select2/js/i18n/ru.js" package="ru.js" skipped="0" tests="1" timestamp="2020-01-21T13:52:31.901151"><testcase classname="dependency-check" name="ru.js"/></testsuite><testsuite failures="0" id="94" name="/z/public/lib/jquery/core.js" package="core.js" skipped="0" tests="1" timestamp="2020-01-21T13:52:31.901151"><testcase classname="dependency-check" name="core.js"/></testsuite><testsuite failures="0" id="95" name="/z/public/lib/select2/js/i18n/lt.js" package="lt.js" skipped="0" tests="1" timestamp="2020-01-21T13:52:31.901151"><testcase classname="dependency-check" name="lt.js"/></testsuite><testsuite failures="0" id="96" name="/z/public/lib/select2/js/i18n/mk.js" package="mk.js" skipped="0" tests="1" timestamp="2020-01-21T13:52:31.901151"><testcase classname="dependency-check" name="mk.js"/></testsuite><testsuite failures="0" id="97" name="/z/public/lib/select2/js/i18n/nb.js" package="nb.js" skipped="0" tests="1" timestamp="2020-01-21T13:52:31.901151"><testcase classname="dependency-check" name="nb.js"/></testsuite><testsuite failures="0" id="98" name="/z/public/lib/select2/js/i18n/gl.js" package="gl.js" skipped="0" tests="1" timestamp="2020-01-21T13:52:31.901151"><testcase classname="dependency-check" name="gl.js"/></testsuite><testsuite failures="0" id="99" name="/z/public/lib/bootstrap-datepicker/js/locales/bootstrap-datepicker.pl.js" package="bootstrap-datepicker.pl.js" skipped="0" tests="1" timestamp="2020-01-21T13:52:31.901151"><testcase classname="dependency-check" name="bootstrap-datepicker.pl.js"/></testsuite><testsuite failures="0" id="100" name="/z/public/lib/jquery/jquery.slim.min.js" package="jquery.slim.min.js" skipped="0" tests="1" timestamp="2020-01-21T13:52:31.901151"><testcase classname="dependency-check" name="jquery.slim.min.js"/></testsuite><testsuite failures="0" id="101" name="/z/public/lib/select2/js/i18n/es.js" package="es.js" skipped="0" tests="1" timestamp="2020-01-21T13:52:31.901151"><testcase classname="dependency-check" name="es.js"/></testsuite><testsuite failures="0" id="102" name="/z/public/lib/bootstrap-datepicker/js/locales/bootstrap-datepicker.it.js" package="bootstrap-datepicker.it.js" skipped="0" tests="1" timestamp="2020-01-21T13:52:31.901151"><testcase classname="dependency-check" name="bootstrap-datepicker.it.js"/></testsuite><testsuite failures="0" id="103" name="/z/public/lib/bootstrap-datepicker/js/locales/bootstrap-datepicker.hr.js" package="bootstrap-datepicker.hr.js" skipped="0" tests="1" timestamp="2020-01-21T13:52:31.901151"><testcase classname="dependency-check" name="bootstrap-datepicker.hr.js"/></testsuite><testsuite failures="0" id="104" name="/z/public/lib/select2/js/i18n/tk.js" package="tk.js" skipped="0" tests="1" timestamp="2020-01-21T13:52:31.901151"><testcase classname="dependency-check" name="tk.js"/></testsuite><testsuite failures="0" id="105" name="/z/public/front/js/bootstrap.min.js" package="bootstrap.min.js" skipped="0" tests="1" timestamp="2020-01-21T13:52:31.901151"><testcase classname="dependency-check" name="bootstrap.min.js"/></testsuite><testsuite failures="0" id="106" name="/z/public/lib/fontawesome-free/js/regular.min.js" package="regular.min.js" skipped="0" tests="1" timestamp="2020-01-21T13:52:31.901151"><testcase classname="dependency-check" name="regular.min.js"/></testsuite><testsuite failures="0" id="107" name="/z/public/lib/bootstrap-datepicker/js/locales/bootstrap-datepicker.cs.js" package="bootstrap-datepicker.cs.js" skipped="0" tests="1" timestamp="2020-01-21T13:52:31.901151"><testcase classname="dependency-check" name="bootstrap-datepicker.cs.js"/></testsuite><testsuite failures="0" id="108" name="/z/public/lib/popper.js/esm/popper.min.js" package="popper.min.js" skipped="0" tests="1" timestamp="2020-01-21T13:52:31.901151"><testcase classname="dependency-check" name="popper.min.js"/></testsuite><testsuite failures="0" id="109" name="/z/public/lib/bootstrap-datepicker/js/locales/bootstrap-datepicker.el.js" package="bootstrap-datepicker.el.js" skipped="0" tests="1" timestamp="2020-01-21T13:52:31.901151"><testcase classname="dependency-check" name="bootstrap-datepicker.el.js"/></testsuite><testsuite failures="0" id="110" name="/z/public/lib/datatables.net-responsive/js/dataTables.responsive.min.js" package="dataTables.responsive.min.js" skipped="0" tests="1" timestamp="2020-01-21T13:52:31.901151"><testcase classname="dependency-check" name="dataTables.responsive.min.js"/></testsuite><testsuite failures="0" id="111" name="/z/public/lib/select2/js/i18n/sr-Cyrl.js" package="sr-Cyrl.js" skipped="0" tests="1" timestamp="2020-01-21T13:52:31.901151"><testcase classname="dependency-check" name="sr-Cyrl.js"/></testsuite><testsuite failures="0" id="112" name="/z/public/lib/bootstrap-datepicker/js/locales/bootstrap-datepicker.kr.js" package="bootstrap-datepicker.kr.js" skipped="0" tests="1" timestamp="2020-01-21T13:52:31.901151"><testcase classname="dependency-check" name="bootstrap-datepicker.kr.js"/></testsuite><testsuite failures="0" id="113" name="/z/public/lib/select2/js/i18n/ps.js" package="ps.js" skipped="0" tests="1" timestamp="2020-01-21T13:52:31.901151"><testcase classname="dependency-check" name="ps.js"/></testsuite><testsuite failures="0" id="114" name="/z/public/lib/bootstrap-datepicker/js/locales/bootstrap-datepicker.lt.js" package="bootstrap-datepicker.lt.js" skipped="0" tests="1" timestamp="2020-01-21T13:52:31.901151"><testcase classname="dependency-check" name="bootstrap-datepicker.lt.js"/></testsuite><testsuite failures="0" id="115" name="/z/public/lib/select2/js/i18n/vi.js" package="vi.js" skipped="0" tests="1" timestamp="2020-01-21T13:52:31.901151"><testcase classname="dependency-check" name="vi.js"/></testsuite><testsuite failures="0" id="116" name="/z/public/lib/select2/js/i18n/lv.js" package="lv.js" skipped="0" tests="1" timestamp="2020-01-21T13:52:31.901151"><testcase classname="dependency-check" name="lv.js"/></testsuite><testsuite failures="0" id="117" name="/z/public/lib/bootstrap-datepicker/js/locales/bootstrap-datepicker.uk.js" package="bootstrap-datepicker.uk.js" skipped="0" tests="1" timestamp="2020-01-21T13:52:31.901151"><testcase classname="dependency-check" name="bootstrap-datepicker.uk.js"/></testsuite><testsuite failures="0" id="118" name="/z/public/lib/select2/js/i18n/hy.js" package="hy.js" skipped="0" tests="1" timestamp="2020-01-21T13:52:31.901151"><testcase classname="dependency-check" name="hy.js"/></testsuite><testsuite failures="0" id="119" name="/z/public/js/bootstrapValidator.min.js" package="bootstrapValidator.min.js" skipped="0" tests="1" timestamp="2020-01-21T13:52:31.901151"><testcase classname="dependency-check" name="bootstrapValidator.min.js"/></testsuite><testsuite failures="0" id="120" name="/z/public/lib/bootstrap-datepicker/js/locales/bootstrap-datepicker.id.js" package="bootstrap-datepicker.id.js" skipped="0" tests="1" timestamp="2020-01-21T13:52:31.901151"><testcase classname="dependency-check" name="bootstrap-datepicker.id.js"/></testsuite><testsuite failures="0" id="121" name="/z/public/lib/bootstrap-datepicker/js/locales/bootstrap-datepicker.zh-TW.js" package="bootstrap-datepicker.zh-TW.js" skipped="0" tests="1" timestamp="2020-01-21T13:52:31.901151"><testcase classname="dependency-check" name="bootstrap-datepicker.zh-TW.js"/></testsuite><testsuite failures="0" id="122" name="/z/public/lib/bootstrap-datepicker/js/locales/bootstrap-datepicker.pt-BR.js" package="bootstrap-datepicker.pt-BR.js" skipped="0" tests="1" timestamp="2020-01-21T13:52:31.901151"><testcase classname="dependency-check" name="bootstrap-datepicker.pt-BR.js"/></testsuite><testsuite failures="0" id="123" name="/z/public/front/js/menumaker.js" package="menumaker.js" skipped="0" tests="1" timestamp="2020-01-21T13:52:31.901151"><testcase classname="dependency-check" name="menumaker.js"/></testsuite><testsuite failures="0" id="124" name="/z/public/lib/datatables.net-dt/js/dataTables.dataTables.min.js" package="dataTables.dataTables.min.js" skipped="0" tests="1" timestamp="2020-01-21T13:52:31.901151"><testcase classname="dependency-check" name="dataTables.dataTables.min.js"/></testsuite><testsuite failures="0" id="125" name="/z/public/lib/select2/js/i18n/bg.js" package="bg.js" skipped="0" tests="1" timestamp="2020-01-21T13:52:31.901151"><testcase classname="dependency-check" name="bg.js"/></testsuite><testsuite failures="0" id="126" name="/z/public/lib/bootstrap-datepicker/js/locales/bootstrap-datepicker.de.js" package="bootstrap-datepicker.de.js" skipped="0" tests="1" timestamp="2020-01-21T13:52:31.901151"><testcase classname="dependency-check" name="bootstrap-datepicker.de.js"/></testsuite><testsuite failures="0" id="127" name="/z/public/lib/bootstrap-datepicker/js/locales/bootstrap-datepicker.fi.js" package="bootstrap-datepicker.fi.js" skipped="0" tests="1" timestamp="2020-01-21T13:52:31.901151"><testcase classname="dependency-check" name="bootstrap-datepicker.fi.js"/></testsuite><testsuite failures="0" id="128" name="/z/public/lib/select2/js/i18n/ja.js" package="ja.js" skipped="0" tests="1" timestamp="2020-01-21T13:52:31.901151"><testcase classname="dependency-check" name="ja.js"/></testsuite><testsuite failures="0" id="129" name="/z/public/lib/select2/js/i18n/pt-BR.js" package="pt-BR.js" skipped="0" tests="1" timestamp="2020-01-21T13:52:31.901151"><testcase classname="dependency-check" name="pt-BR.js"/></testsuite><testsuite failures="0" id="130" name="/z/public/lib/select2/js/i18n/id.js" package="id.js" skipped="0" tests="1" timestamp="2020-01-21T13:52:31.901151"><testcase classname="dependency-check" name="id.js"/></testsuite><testsuite failures="0" id="131" name="/z/resources/js/bootstrap.js" package="bootstrap.js" skipped="0" tests="1" timestamp="2020-01-21T13:52:31.901151"><testcase classname="dependency-check" name="bootstrap.js"/></testsuite><testsuite failures="0" id="132" name="/z/public/lib/select2/js/i18n/fi.js" package="fi.js" skipped="0" tests="1" timestamp="2020-01-21T13:52:31.901151"><testcase classname="dependency-check" name="fi.js"/></testsuite><testsuite failures="0" id="133" name="/z/public/lib/select2/js/i18n/de.js" package="de.js" skipped="0" tests="1" timestamp="2020-01-21T13:52:31.901151"><testcase classname="dependency-check" name="de.js"/></testsuite><testsuite failures="0" id="134" name="/z/public/js/jquery-confirm.min.js" package="jquery-confirm.min.js" skipped="0" tests="1" timestamp="2020-01-21T13:52:31.901151"><testcase classname="dependency-check" name="jquery-confirm.min.js"/></testsuite><testsuite failures="0" id="135" name="/z/webpack.mix.js" package="webpack.mix.js" skipped="0" tests="1" timestamp="2020-01-21T13:52:31.901151"><testcase classname="dependency-check" name="webpack.mix.js"/></testsuite><testsuite failures="0" id="136" name="/z/public/lib/bootstrap/js/bootstrap.bundle.min.js" package="bootstrap.bundle.min.js" skipped="0" tests="1" timestamp="2020-01-21T13:52:31.901151"><testcase classname="dependency-check" name="bootstrap.bundle.min.js"/></testsuite><testsuite failures="0" id="137" name="/z/public/rips-0.55.zip/rips-0.55/js/script.js" package="rips-0.55.zip: script.js" skipped="0" tests="1" timestamp="2020-01-21T13:52:31.901151"><testcase classname="dependency-check" name="rips-0.55.zip: script.js"/></testsuite><testsuite failures="0" id="138" name="/z/public/rips-0.55.zip/rips-0.55/js/exploit.js" package="rips-0.55.zip: exploit.js" skipped="0" tests="1" timestamp="2020-01-21T13:52:31.901151"><testcase classname="dependency-check" name="rips-0.55.zip: exploit.js"/></testsuite><testsuite failures="0" id="139" name="/z/public/rips-0.55.zip/rips-0.55/js/netron.js" package="rips-0.55.zip: netron.js" skipped="0" tests="1" timestamp="2020-01-21T13:52:31.901151"><testcase classname="dependency-check" name="rips-0.55.zip: netron.js"/></testsuite><testsuite failures="0" id="140" name="/z/public/rips-0.55.zip/rips-0.55/js/hotpatch.js" package="rips-0.55.zip: hotpatch.js" skipped="0" tests="1" timestamp="2020-01-21T13:52:31.901151"><testcase classname="dependency-check" name="rips-0.55.zip: hotpatch.js"/></testsuite></testsuites>